2017/06/29 18:26:29 [error] [php] date(): It is not safe to rely on the system's timezone settings. You are *required* to use the date.timezone setting or the date_default_timezone_set() function. In case you used any of those methods and you are still getting this warning, you most likely misspelled the timezone identifier. We selected the timezone 'UTC' for now, but please set date.timezone to select your timezone. (/opt/snafu/protected/views/layouts/main.php:51)
Stack trace:
#0 /opt/snafu/vendor/yiisoft/yii/framework/web/CBaseController.php(95): SiteController->renderInternal()
#1 /opt/snafu/vendor/yiisoft/yii/framework/web/widgets/CContentDecorator.php(76): SiteController->renderFile()
#2 /opt/snafu/vendor/yiisoft/yii/framework/web/widgets/CContentDecorator.php(54): CContentDecorator->decorate()
#3 /opt/snafu/vendor/yiisoft/yii/framework/web/widgets/COutputProcessor.php(44): CContentDecorator->processOutput()
#4 /opt/snafu/vendor/yiisoft/yii/framework/web/CBaseController.php(215): CContentDecorator->run()
#5 /opt/snafu/vendor/yiisoft/yii/framework/web/CBaseController.php(309): SiteController->endWidget()
#6 /opt/snafu/protected/views/layouts/column1.php(6): SiteController->endContent()
#7 /opt/snafu/vendor/yiisoft/yii/framework/web/CBaseController.php(126): require()
#8 /opt/snafu/vendor/yiisoft/yii/framework/web/CBaseController.php(95): SiteController->renderInternal()
#9 /opt/snafu/vendor/yiisoft/yii/framework/web/CController.php(787): SiteController->renderFile()
#10 /opt/snafu/protected/controllers/SiteController.php(32): SiteController->render()
#11 /opt/snafu/vendor/yiisoft/yii/framework/web/actions/CInlineAction.php(49): SiteController->actionIndex()
#12 /opt/snafu/vendor/yiisoft/yii/framework/web/CController.php(308): CInlineAction->runWithParams()
#13 /opt/snafu/vendor/yiisoft/yii/framework/web/CController.php(286): SiteController->runAction()
#14 /opt/snafu/vendor/yiisoft/yii/framework/web/CController.php(265): SiteController->runActionWithFilters()
#15 /opt/snafu/vendor/yiisoft/yii/framework/web/CWebApplication.php(282): SiteController->run()
#16 /opt/snafu/vendor/yiisoft/yii/framework/web/CWebApplication.php(141): CWebApplication->runController()
#17 /opt/snafu/vendor/yiisoft/yii/framework/base/CApplication.php(185): CWebApplication->processRequest()
#18 /opt/snafu/index.php(13): CWebApplication->run()
REQUEST_URI=/
in /opt/snafu/protected/views/layouts/main.php (51)
in /opt/snafu/protected/views/layouts/column1.php (6)
in /opt/snafu/protected/controllers/SiteController.php (32)
asdasd
asd2017/06/30 20:09:56 [error] [php] require_once(PHPUnit/Extensions/SeleniumTestCase.php): failed to open stream: No such file or directory (/opt/snafu/vendor/yiisoft/yii/framework/test/CWebTestCase.php:12)
Stack trace:
#0 unknown(0): autoload()
#1 /opt/snafu/protected/tests/WebTestCase.php(15): spl_autoload_call()
#2 /opt/snafu/protected/tests/bootstrap.php(11): require_once()
#3 /opt/snafu/vendor/codeception/codeception/src/Codeception/Subscriber/Bootstrap.php(34): require_once()
#4 unknown(0): Codeception\Subscriber\Bootstrap->loadBootstrap()
#5 /opt/snafu/vendor/symfony/event-dispatcher/EventDispatcher.php(212): call_user_func()
#6 /opt/snafu/vendor/symfony/event-dispatcher/EventDispatcher.php(44): Symfony\Component\EventDispatcher\EventDispatcher->doDispatch()
#7 /opt/snafu/vendor/codeception/codeception/src/Codeception/SuiteManager.php(88): Symfony\Component\EventDispatcher\EventDispatcher->dispatch()
#8 /opt/snafu/vendor/codeception/codeception/src/Codeception/Codecept.php(182): Codeception\SuiteManager->initialize()
#9 /opt/snafu/vendor/codeception/codeception/src/Codeception/Codecept.php(153): Codeception\Codecept->runSuite()
#10 /opt/snafu/vendor/codeception/codeception/src/Codeception/Command/Run.php(380): Codeception\Codecept->run()
#11 /opt/snafu/vendor/codeception/codeception/src/Codeception/Command/Run.php(307): Codeception\Command\Run->runSuites()
#12 /opt/snafu/vendor/symfony/console/Command/Command.php(264): Codeception\Command\Run->execute()
#13 /opt/snafu/vendor/symfony/console/Application.php(869): Codeception\Command\Run->run()
#14 /opt/snafu/vendor/symfony/console/Application.php(223): Codeception\Application->doRunCommand()
#15 /opt/snafu/vendor/symfony/console/Application.php(130): Codeception\Application->doRun()
#16 /opt/snafu/vendor/codeception/codeception/src/Codeception/Application.php(103): Codeception\Application->run()
#17 /opt/snafu/vendor/codeception/codeception/codecept(36): Codeception\Application->run()

in /opt/snafu/protected/tests/WebTestCase.php (15)
in /opt/snafu/protected/tests/bootstrap.php (11)
in /opt/snafu/vendor/codeception/codeception/src/Codeception/Subscriber/Bootstrap.php (34)
2017/06/30 20:12:28 [error] [php] require_once(PHPUnit/Extensions/SeleniumTestCase.php): failed to open stream: No such file or directory (/opt/snafu/vendor/yiisoft/yii/framework/test/CWebTestCase.php:12)
Stack trace:
#0 unknown(0): autoload()
#1 /opt/snafu/protected/tests/WebTestCase.php(15): spl_autoload_call()
#2 /opt/snafu/protected/tests/bootstrap.php(11): require_once()
#3 /opt/snafu/vendor/codeception/codeception/src/Codeception/Subscriber/Bootstrap.php(34): require_once()
#4 unknown(0): Codeception\Subscriber\Bootstrap->loadBootstrap()
#5 /opt/snafu/vendor/symfony/event-dispatcher/EventDispatcher.php(212): call_user_func()
#6 /opt/snafu/vendor/symfony/event-dispatcher/EventDispatcher.php(44): Symfony\Component\EventDispatcher\EventDispatcher->doDispatch()
#7 /opt/snafu/vendor/codeception/codeception/src/Codeception/SuiteManager.php(88): Symfony\Component\EventDispatcher\EventDispatcher->dispatch()
#8 /opt/snafu/vendor/codeception/codeception/src/Codeception/Codecept.php(182): Codeception\SuiteManager->initialize()
#9 /opt/snafu/vendor/codeception/codeception/src/Codeception/Codecept.php(153): Codeception\Codecept->runSuite()
#10 /opt/snafu/vendor/codeception/codeception/src/Codeception/Command/Run.php(380): Codeception\Codecept->run()
#11 /opt/snafu/vendor/codeception/codeception/src/Codeception/Command/Run.php(307): Codeception\Command\Run->runSuites()
#12 /opt/snafu/vendor/symfony/console/Command/Command.php(264): Codeception\Command\Run->execute()
#13 /opt/snafu/vendor/symfony/console/Application.php(869): Codeception\Command\Run->run()
#14 /opt/snafu/vendor/symfony/console/Application.php(223): Codeception\Application->doRunCommand()
#15 /opt/snafu/vendor/symfony/console/Application.php(130): Codeception\Application->doRun()
#16 /opt/snafu/vendor/codeception/codeception/src/Codeception/Application.php(103): Codeception\Application->run()
#17 /opt/snafu/vendor/codeception/codeception/codecept(36): Codeception\Application->run()

in /opt/snafu/protected/tests/WebTestCase.php (15)
in /opt/snafu/protected/tests/bootstrap.php (11)
in /opt/snafu/vendor/codeception/codeception/src/Codeception/Subscriber/Bootstrap.php (34)
2017/06/30 20:13:36 [error] [php] require_once(PHPUnit/Extensions/SeleniumTestCase.php): failed to open stream: No such file or directory (/opt/snafu/vendor/yiisoft/yii/framework/test/CWebTestCase.php:12)
Stack trace:
#0 unknown(0): autoload()
#1 /opt/snafu/protected/tests/WebTestCase.php(15): spl_autoload_call()
#2 /opt/snafu/protected/tests/bootstrap.php(11): require_once()
#3 /opt/snafu/vendor/codeception/codeception/src/Codeception/Subscriber/Bootstrap.php(34): require_once()
#4 unknown(0): Codeception\Subscriber\Bootstrap->loadBootstrap()
#5 /opt/snafu/vendor/symfony/event-dispatcher/EventDispatcher.php(212): call_user_func()
#6 /opt/snafu/vendor/symfony/event-dispatcher/EventDispatcher.php(44): Symfony\Component\EventDispatcher\EventDispatcher->doDispatch()
#7 /opt/snafu/vendor/codeception/codeception/src/Codeception/SuiteManager.php(88): Symfony\Component\EventDispatcher\EventDispatcher->dispatch()
#8 /opt/snafu/vendor/codeception/codeception/src/Codeception/Codecept.php(182): Codeception\SuiteManager->initialize()
#9 /opt/snafu/vendor/codeception/codeception/src/Codeception/Codecept.php(153): Codeception\Codecept->runSuite()
#10 /opt/snafu/vendor/codeception/codeception/src/Codeception/Command/Run.php(380): Codeception\Codecept->run()
#11 /opt/snafu/vendor/codeception/codeception/src/Codeception/Command/Run.php(307): Codeception\Command\Run->runSuites()
#12 /opt/snafu/vendor/symfony/console/Command/Command.php(264): Codeception\Command\Run->execute()
#13 /opt/snafu/vendor/symfony/console/Application.php(869): Codeception\Command\Run->run()
#14 /opt/snafu/vendor/symfony/console/Application.php(223): Codeception\Application->doRunCommand()
#15 /opt/snafu/vendor/symfony/console/Application.php(130): Codeception\Application->doRun()
#16 /opt/snafu/vendor/codeception/codeception/src/Codeception/Application.php(103): Codeception\Application->run()
#17 /opt/snafu/vendor/codeception/codeception/codecept(36): Codeception\Application->run()

in /opt/snafu/protected/tests/WebTestCase.php (15)
in /opt/snafu/protected/tests/bootstrap.php (11)
in /opt/snafu/vendor/codeception/codeception/src/Codeception/Subscriber/Bootstrap.php (34)
2017/06/30 20:14:37 [error] [php] require_once(PHPUnit/Extensions/SeleniumTestCase.php): failed to open stream: No such file or directory (/opt/snafu/vendor/yiisoft/yii/framework/test/CWebTestCase.php:12)
Stack trace:
#0 unknown(0): autoload()
#1 /opt/snafu/protected/tests/WebTestCase.php(15): spl_autoload_call()
#2 /opt/snafu/protected/tests/bootstrap.php(11): require_once()
#3 /opt/snafu/vendor/codeception/codeception/src/Codeception/Subscriber/Bootstrap.php(34): require_once()
#4 unknown(0): Codeception\Subscriber\Bootstrap->loadBootstrap()
#5 /opt/snafu/vendor/symfony/event-dispatcher/EventDispatcher.php(212): call_user_func()
#6 /opt/snafu/vendor/symfony/event-dispatcher/EventDispatcher.php(44): Symfony\Component\EventDispatcher\EventDispatcher->doDispatch()
#7 /opt/snafu/vendor/codeception/codeception/src/Codeception/SuiteManager.php(88): Symfony\Component\EventDispatcher\EventDispatcher->dispatch()
#8 /opt/snafu/vendor/codeception/codeception/src/Codeception/Codecept.php(182): Codeception\SuiteManager->initialize()
#9 /opt/snafu/vendor/codeception/codeception/src/Codeception/Codecept.php(153): Codeception\Codecept->runSuite()
#10 /opt/snafu/vendor/codeception/codeception/src/Codeception/Command/Run.php(380): Codeception\Codecept->run()
#11 /opt/snafu/vendor/codeception/codeception/src/Codeception/Command/Run.php(307): Codeception\Command\Run->runSuites()
#12 /opt/snafu/vendor/symfony/console/Command/Command.php(264): Codeception\Command\Run->execute()
#13 /opt/snafu/vendor/symfony/console/Application.php(869): Codeception\Command\Run->run()
#14 /opt/snafu/vendor/symfony/console/Application.php(223): Codeception\Application->doRunCommand()
#15 /opt/snafu/vendor/symfony/console/Application.php(130): Codeception\Application->doRun()
#16 /opt/snafu/vendor/codeception/codeception/src/Codeception/Application.php(103): Codeception\Application->run()
#17 /opt/snafu/vendor/codeception/codeception/codecept(36): Codeception\Application->run()

in /opt/snafu/protected/tests/WebTestCase.php (15)
in /opt/snafu/protected/tests/bootstrap.php (11)
in /opt/snafu/vendor/codeception/codeception/src/Codeception/Subscriber/Bootstrap.php (34)
2017/06/30 20:15:11 [error] [php] require_once(PHPUnit/Extensions/SeleniumTestCase.php): failed to open stream: No such file or directory (/opt/snafu/vendor/yiisoft/yii/framework/test/CWebTestCase.php:12)
Stack trace:
#0 unknown(0): autoload()
#1 /opt/snafu/protected/tests/WebTestCase.php(15): spl_autoload_call()
#2 /opt/snafu/protected/tests/bootstrap.php(11): require_once()
#3 /opt/snafu/vendor/codeception/codeception/src/Codeception/Subscriber/Bootstrap.php(34): require_once()
#4 unknown(0): Codeception\Subscriber\Bootstrap->loadBootstrap()
#5 /opt/snafu/vendor/symfony/event-dispatcher/EventDispatcher.php(212): call_user_func()
#6 /opt/snafu/vendor/symfony/event-dispatcher/EventDispatcher.php(44): Symfony\Component\EventDispatcher\EventDispatcher->doDispatch()
#7 /opt/snafu/vendor/codeception/codeception/src/Codeception/SuiteManager.php(88): Symfony\Component\EventDispatcher\EventDispatcher->dispatch()
#8 /opt/snafu/vendor/codeception/codeception/src/Codeception/Codecept.php(182): Codeception\SuiteManager->initialize()
#9 /opt/snafu/vendor/codeception/codeception/src/Codeception/Codecept.php(153): Codeception\Codecept->runSuite()
#10 /opt/snafu/vendor/codeception/codeception/src/Codeception/Command/Run.php(380): Codeception\Codecept->run()
#11 /opt/snafu/vendor/codeception/codeception/src/Codeception/Command/Run.php(307): Codeception\Command\Run->runSuites()
#12 /opt/snafu/vendor/symfony/console/Command/Command.php(264): Codeception\Command\Run->execute()
#13 /opt/snafu/vendor/symfony/console/Application.php(869): Codeception\Command\Run->run()
#14 /opt/snafu/vendor/symfony/console/Application.php(223): Codeception\Application->doRunCommand()
#15 /opt/snafu/vendor/symfony/console/Application.php(130): Codeception\Application->doRun()
#16 /opt/snafu/vendor/codeception/codeception/src/Codeception/Application.php(103): Codeception\Application->run()
#17 /opt/snafu/vendor/codeception/codeception/codecept(36): Codeception\Application->run()

in /opt/snafu/protected/tests/WebTestCase.php (15)
in /opt/snafu/protected/tests/bootstrap.php (11)
in /opt/snafu/vendor/codeception/codeception/src/Codeception/Subscriber/Bootstrap.php (34)
2017/06/30 20:16:04 [error] [php] require_once(PHPUnit/Extensions/SeleniumTestCase.php): failed to open stream: No such file or directory (/opt/snafu/vendor/yiisoft/yii/framework/test/CWebTestCase.php:12)
Stack trace:
#0 unknown(0): autoload()
#1 /opt/snafu/protected/tests/WebTestCase.php(15): spl_autoload_call()
#2 /opt/snafu/protected/tests/bootstrap.php(11): require_once()
#3 /opt/snafu/vendor/codeception/codeception/src/Codeception/Subscriber/Bootstrap.php(34): require_once()
#4 unknown(0): Codeception\Subscriber\Bootstrap->loadBootstrap()
#5 /opt/snafu/vendor/symfony/event-dispatcher/EventDispatcher.php(212): call_user_func()
#6 /opt/snafu/vendor/symfony/event-dispatcher/EventDispatcher.php(44): Symfony\Component\EventDispatcher\EventDispatcher->doDispatch()
#7 /opt/snafu/vendor/codeception/codeception/src/Codeception/SuiteManager.php(88): Symfony\Component\EventDispatcher\EventDispatcher->dispatch()
#8 /opt/snafu/vendor/codeception/codeception/src/Codeception/Codecept.php(182): Codeception\SuiteManager->initialize()
#9 /opt/snafu/vendor/codeception/codeception/src/Codeception/Codecept.php(153): Codeception\Codecept->runSuite()
#10 /opt/snafu/vendor/codeception/codeception/src/Codeception/Command/Run.php(380): Codeception\Codecept->run()
#11 /opt/snafu/vendor/codeception/codeception/src/Codeception/Command/Run.php(307): Codeception\Command\Run->runSuites()
#12 /opt/snafu/vendor/symfony/console/Command/Command.php(264): Codeception\Command\Run->execute()
#13 /opt/snafu/vendor/symfony/console/Application.php(869): Codeception\Command\Run->run()
#14 /opt/snafu/vendor/symfony/console/Application.php(223): Codeception\Application->doRunCommand()
#15 /opt/snafu/vendor/symfony/console/Application.php(130): Codeception\Application->doRun()
#16 /opt/snafu/vendor/codeception/codeception/src/Codeception/Application.php(103): Codeception\Application->run()
#17 /opt/snafu/vendor/codeception/codeception/codecept(36): Codeception\Application->run()

in /opt/snafu/protected/tests/WebTestCase.php (15)
in /opt/snafu/protected/tests/bootstrap.php (11)
in /opt/snafu/vendor/codeception/codeception/src/Codeception/Subscriber/Bootstrap.php (34)
